<?xml version="1.0" encoding="utf-8"?><testsuites name="pytest tests"><testsuite name="pytest" errors="0" failures="0" skipped="0" tests="15" time="3.273" timestamp="2026-09-01T11:45:27.659853+00:00" hostname="agent-env-6a1ca233-ba77-4fa0-b4c3-0d783fdb7825"><testcase classname="tests.test_backend_api.TestAuth" name="test_login_success" time="0.555" /><testcase classname="tests.test_backend_api.TestAuth" name="test_login_wrong_password" time="0.442" /><testcase classname="tests.test_backend_api.TestFriends" name="test_friends_online_and_distance" time="1.575" /><testcase classname="tests.test_backend_api.TestAuth" name="test_register_underage_403" time="0.225" /><testcase classname="tests.test_backend_api.TestAuth" name="test_register_adult_success" time="0.305" /><testcase classname="tests.test_backend_api.TestFriends" name="test_friend_request_flow" time="0.628" /><testcase classname="tests.test_backend_api.TestBasicReads" name="test_feed" time="0.514" /><testcase classname="tests.test_backend_api.TestBasicReads" name="test_notifications" time="0.065" /><testcase classname="tests.test_backend_api.TestBasicReads" name="test_chats" time="0.046" /><testcase classname="tests.test_backend_api.TestNearby" name="test_nearby_online_first_sort" time="0.382" /><testcase classname="tests.test_backend_api.TestFriends" name="test_friend_request_reject" time="0.432" /><testcase classname="tests.test_backend_api.TestLiveReport" name="test_report" time="0.073" /><testcase classname="tests.test_backend_api.TestLiveWebSocket" name="test_matchmaking_and_signal" time="0.313" /><testcase classname="tests.test_backend_api.TestPresence" name="test_heartbeat_updates_online" time="0.141" /><testcase classname="tests.test_backend_api.TestPresence" name="test_heartbeat_requires_auth" time="0.064" /></testsuite></testsuites>